<?xml version="1.0" encoding="UTF-8"?>
<testng-results skipped="0" failed="0" ignored="0" total="5" passed="5">
  <reporter-output>
  </reporter-output>
  <suite name="Default suite" duration-ms="30579" started-at="2023-06-05T10:28:16 IST" finished-at="2023-06-05T10:28:46 IST">
    <groups>
    </groups>
    <test name="Default test" duration-ms="30579" started-at="2023-06-05T10:28:16 IST" finished-at="2023-06-05T10:28:46 IST">
      <class name="tnp.TutorialsNinjaProject.Login">
        <test-method status="PASS" signature="setUp()[pri:0, instance:tnp.TutorialsNinjaProject.Login@44c8afef]" name="setUp" is-config="true" duration-ms="6689" started-at="2023-06-05T10:28:16 IST" finished-at="2023-06-05T10:28:23 IST">
          <reporter-output>
          </reporter-output>
        </test-method> <!-- setUp -->
        <test-method status="PASS" signature="verifyLoginWithValidCredentials()[pri:1, instance:tnp.TutorialsNinjaProject.Login@44c8afef]" name="verifyLoginWithValidCredentials" duration-ms="911" started-at="2023-06-05T10:28:23 IST" finished-at="2023-06-05T10:28:24 IST">
          <reporter-output>
          </reporter-output>
        </test-method> <!-- verifyLoginWithValidCredentials -->
        <test-method status="PASS" signature="closer()[pri:0, instance:tnp.TutorialsNinjaProject.Login@44c8afef]" name="closer" is-config="true" duration-ms="844" started-at="2023-06-05T10:28:24 IST" finished-at="2023-06-05T10:28:24 IST">
          <reporter-output>
          </reporter-output>
        </test-method> <!-- closer -->
        <test-method status="PASS" signature="setUp()[pri:0, instance:tnp.TutorialsNinjaProject.Login@44c8afef]" name="setUp" is-config="true" duration-ms="3873" started-at="2023-06-05T10:28:24 IST" finished-at="2023-06-05T10:28:28 IST">
          <reporter-output>
          </reporter-output>
        </test-method> <!-- setUp -->
        <test-method status="PASS" signature="verifyLoginWithInValidCredentials()[pri:2, instance:tnp.TutorialsNinjaProject.Login@44c8afef]" name="verifyLoginWithInValidCredentials" duration-ms="909" started-at="2023-06-05T10:28:28 IST" finished-at="2023-06-05T10:28:29 IST">
          <reporter-output>
          </reporter-output>
        </test-method> <!-- verifyLoginWithInValidCredentials -->
        <test-method status="PASS" signature="closer()[pri:0, instance:tnp.TutorialsNinjaProject.Login@44c8afef]" name="closer" is-config="true" duration-ms="774" started-at="2023-06-05T10:28:29 IST" finished-at="2023-06-05T10:28:30 IST">
          <reporter-output>
          </reporter-output>
        </test-method> <!-- closer -->
        <test-method status="PASS" signature="setUp()[pri:0, instance:tnp.TutorialsNinjaProject.Login@44c8afef]" name="setUp" is-config="true" duration-ms="4572" started-at="2023-06-05T10:28:30 IST" finished-at="2023-06-05T10:28:35 IST">
          <reporter-output>
          </reporter-output>
        </test-method> <!-- setUp -->
        <test-method status="PASS" signature="verifyLoginWithInvalidEmailAndValidPassword()[pri:3, instance:tnp.TutorialsNinjaProject.Login@44c8afef]" name="verifyLoginWithInvalidEmailAndValidPassword" duration-ms="819" started-at="2023-06-05T10:28:35 IST" finished-at="2023-06-05T10:28:35 IST">
          <reporter-output>
          </reporter-output>
        </test-method> <!-- verifyLoginWithInvalidEmailAndValidPassword -->
        <test-method status="PASS" signature="closer()[pri:0, instance:tnp.TutorialsNinjaProject.Login@44c8afef]" name="closer" is-config="true" duration-ms="782" started-at="2023-06-05T10:28:35 IST" finished-at="2023-06-05T10:28:36 IST">
          <reporter-output>
          </reporter-output>
        </test-method> <!-- closer -->
        <test-method status="PASS" signature="setUp()[pri:0, instance:tnp.TutorialsNinjaProject.Login@44c8afef]" name="setUp" is-config="true" duration-ms="3848" started-at="2023-06-05T10:28:36 IST" finished-at="2023-06-05T10:28:40 IST">
          <reporter-output>
          </reporter-output>
        </test-method> <!-- setUp -->
        <test-method status="PASS" signature="verifyLoginWithValidEmailAndInvalidPassword()[pri:4, instance:tnp.TutorialsNinjaProject.Login@44c8afef]" name="verifyLoginWithValidEmailAndInvalidPassword" duration-ms="748" started-at="2023-06-05T10:28:40 IST" finished-at="2023-06-05T10:28:41 IST">
          <reporter-output>
          </reporter-output>
        </test-method> <!-- verifyLoginWithValidEmailAndInvalidPassword -->
        <test-method status="PASS" signature="closer()[pri:0, instance:tnp.TutorialsNinjaProject.Login@44c8afef]" name="closer" is-config="true" duration-ms="802" started-at="2023-06-05T10:28:41 IST" finished-at="2023-06-05T10:28:42 IST">
          <reporter-output>
          </reporter-output>
        </test-method> <!-- closer -->
        <test-method status="PASS" signature="setUp()[pri:0, instance:tnp.TutorialsNinjaProject.Login@44c8afef]" name="setUp" is-config="true" duration-ms="3715" started-at="2023-06-05T10:28:42 IST" finished-at="2023-06-05T10:28:45 IST">
          <reporter-output>
          </reporter-output>
        </test-method> <!-- setUp -->
        <test-method status="PASS" signature="verifyLoginWithoutCredentials()[pri:5, instance:tnp.TutorialsNinjaProject.Login@44c8afef]" name="verifyLoginWithoutCredentials" duration-ms="431" started-at="2023-06-05T10:28:45 IST" finished-at="2023-06-05T10:28:46 IST">
          <reporter-output>
          </reporter-output>
        </test-method> <!-- verifyLoginWithoutCredentials -->
        <test-method status="PASS" signature="closer()[pri:0, instance:tnp.TutorialsNinjaProject.Login@44c8afef]" name="closer" is-config="true" duration-ms="786" started-at="2023-06-05T10:28:46 IST" finished-at="2023-06-05T10:28:46 IST">
          <reporter-output>
          </reporter-output>
        </test-method> <!-- closer -->
      </class> <!-- tnp.TutorialsNinjaProject.Login -->
    </test> <!-- Default test -->
  </suite> <!-- Default suite -->
</testng-results>
