<?xml version="1.0" encoding="UTF-8"?>
<!-- Generated by org.testng.reporters.JUnitXMLReporter -->
<testsuite hostname="DESKTOP-FJN63NP" ignored="0" name="Default test" tests="5" failures="0" timestamp="2023-06-05T10:28:46 IST" time="30.579" errors="0">
  <testcase name="verifyLoginWithValidCredentials" time="0.911" classname="tnp.TutorialsNinjaProject.Login"/>
  <testcase name="verifyLoginWithInValidCredentials" time="0.909" classname="tnp.TutorialsNinjaProject.Login"/>
  <testcase name="verifyLoginWithInvalidEmailAndValidPassword" time="0.819" classname="tnp.TutorialsNinjaProject.Login"/>
  <testcase name="verifyLoginWithValidEmailAndInvalidPassword" time="0.748" classname="tnp.TutorialsNinjaProject.Login"/>
  <testcase name="verifyLoginWithoutCredentials" time="0.431" classname="tnp.TutorialsNinjaProject.Login"/>
</testsuite> <!-- Default test -->
