<?xml version="1.0" encoding="UTF-8"?>
<!-- Generated by org.testng.reporters.JUnitXMLReporter -->
<testsuite hostname="DESKTOP-FJN63NP" ignored="0" name="Default test" tests="4" failures="0" timestamp="2023-06-03T14:56:38 IST" time="33.275" errors="0">
  <testcase name="verifyRegisteringAndAccountWithMandtoryField" time="1.725" classname="tnp.TutorialsNinjaProject.Register"/>
  <testcase name="verifyRegisteringAccountByProvidingAllFileds" time="1.649" classname="tnp.TutorialsNinjaProject.Register"/>
  <testcase name="verifyRegisteringAccountWithExistingEmailAddress" time="6.028" classname="tnp.TutorialsNinjaProject.Register"/>
  <testcase name="verifyRegisteringAccountWithoutFillingAnyDetails" time="0.772" classname="tnp.TutorialsNinjaProject.Register"/>
</testsuite> <!-- Default test -->
