<?xml version="1.0" encoding="UTF-8"?>
<!-- Generated by org.testng.reporters.JUnitXMLReporter -->
<testsuite hostname="DESKTOP-FJN63NP" ignored="0" name="Test" tests="12" failures="0" timestamp="2023-06-03T15:48:47 IST" time="84.49" errors="0">
  <testcase name="verifyLoginWithValidCredentials" time="1.499" classname="tnp.TutorialsNinjaProject.Login"/>
  <testcase name="verifyLoginWithInValidCredentials" time="0.825" classname="tnp.TutorialsNinjaProject.Login"/>
  <testcase name="verifyLoginWithInvalidEmailAndValidPassword" time="0.86" classname="tnp.TutorialsNinjaProject.Login"/>
  <testcase name="verifyLoginWithValidEmailAndInvalidPassword" time="0.827" classname="tnp.TutorialsNinjaProject.Login"/>
  <testcase name="verifyLoginWithoutCredentials" time="0.614" classname="tnp.TutorialsNinjaProject.Login"/>
  <testcase name="verifySearchWithValidProduct" time="0.834" classname="tnp.TutorialsNinjaProject.Search"/>
  <testcase name="verifySearchWithInvalidProduct" time="0.62" classname="tnp.TutorialsNinjaProject.Search"/>
  <testcase name="verifySearchWithoutAnyProduct" time="0.665" classname="tnp.TutorialsNinjaProject.Search"/>
  <testcase name="verifyRegisteringAndAccountWithMandtoryField" time="1.698" classname="tnp.TutorialsNinjaProject.Register"/>
  <testcase name="verifyRegisteringAccountByProvidingAllFileds" time="1.731" classname="tnp.TutorialsNinjaProject.Register"/>
  <testcase name="verifyRegisteringAccountWithExistingEmailAddress" time="8.77" classname="tnp.TutorialsNinjaProject.Register"/>
  <testcase name="verifyRegisteringAccountWithoutFillingAnyDetails" time="0.644" classname="tnp.TutorialsNinjaProject.Register"/>
</testsuite> <!-- Test -->
